
*** Running vivado
    with args -log vgaTOP.vdi -applog -m64 -product Vivado -messageDb vivado.pb -mode batch -source vgaTOP.tcl -notrace


****** Vivado v2018.3 (64-bit)
  **** SW Build 2405991 on Thu Dec  6 23:38:27 MST 2018
  **** IP Build 2404404 on Fri Dec  7 01:43:56 MST 2018
    ** Copyright 1986-2018 Xilinx, Inc. All Rights Reserved.

source vgaTOP.tcl -notrace
Command: link_design -top vgaTOP -part xc7a100tcsg324-1
Design is defaulting to srcset: sources_1
Design is defaulting to constrset: constrs_1
INFO: [Project 1-454] Reading design checkpoint 'e:/ds/DSProjectFinal/DSAbsolutelyFinal/DSAbsolutelyFinal.srcs/sources_1/ip/imageFrame1/imageFrame1.dcp' for cell 'frame1'
INFO: [Project 1-454] Reading design checkpoint 'e:/ds/DSProjectFinal/DSAbsolutelyFinal/DSAbsolutelyFinal.srcs/sources_1/ip/imageFrame2/imageFrame2.dcp' for cell 'frame2'
INFO: [Project 1-454] Reading design checkpoint 'e:/ds/DSProjectFinal/DSAbsolutelyFinal/DSAbsolutelyFinal.srcs/sources_1/ip/imageFrame2Read/imageFrame2Read.dcp' for cell 'frame2a'
INFO: [Netlist 29-17] Analyzing 110 Unisim elements for replacement
INFO: [Netlist 29-28] Unisim Transformation completed in 0 CPU seconds
INFO: [Project 1-479] Netlist was created with Vivado 2018.3
INFO: [Device 21-403] Loading part xc7a100tcsg324-1
INFO: [Project 1-570] Preparing netlist for logic optimization
Parsing XDC File [E:/ds/DSProjectFinal/DSAbsolutelyFinal/DSAbsolutelyFinal.srcs/constrs_1/new/constrainter.xdc]
Finished Parsing XDC File [E:/ds/DSProjectFinal/DSAbsolutelyFinal/DSAbsolutelyFinal.srcs/constrs_1/new/constrainter.xdc]
INFO: [Opt 31-138] Pushed 0 inverter(s) to 0 load pin(s).
Netlist sorting complete. Time (s): cpu = 00:00:00 ; elapsed = 00:00:00.002 . Memory (MB): peak = 725.848 ; gain = 0.000
INFO: [Project 1-111] Unisim Transformation Summary:
No Unisim elements were transformed.

10 Infos, 0 Warnings, 0 Critical Warnings and 0 Errors encountered.
link_design completed successfully
link_design: Time (s): cpu = 00:00:12 ; elapsed = 00:00:13 . Memory (MB): peak = 725.848 ; gain = 352.535
Command: opt_design
Attempting to get a license for feature 'Implementation' and/or device 'xc7a100t'
INFO: [Common 17-349] Got license for feature 'Implementation' and/or device 'xc7a100t'
Running DRC as a precondition to command opt_design

Starting DRC Task
INFO: [DRC 23-27] Running DRC with 2 threads
INFO: [Project 1-461] DRC finished with 0 Errors
INFO: [Project 1-462] Please refer to the DRC report (report_drc) for more information.

Time (s): cpu = 00:00:02 ; elapsed = 00:00:02 . Memory (MB): peak = 739.758 ; gain = 13.910

Starting Cache Timing Information Task
INFO: [Timing 38-35] Done setting XDC timing constraints.
Ending Cache Timing Information Task | Checksum: 1b7ecc078

Time (s): cpu = 00:00:20 ; elapsed = 00:00:21 . Memory (MB): peak = 1245.906 ; gain = 506.148

Starting Logic Optimization Task

Phase 1 Retarget
INFO: [Opt 31-138] Pushed 1 inverter(s) to 3 load pin(s).
INFO: [Opt 31-49] Retargeted 0 cell(s).
Phase 1 Retarget | Checksum: 278d83fa9

Time (s): cpu = 00:00:00 ; elapsed = 00:00:00.655 . Memory (MB): peak = 1346.039 ; gain = 0.000
INFO: [Opt 31-389] Phase Retarget created 4 cells and removed 6 cells

Phase 2 Constant propagation
INFO: [Opt 31-138] Pushed 0 inverter(s) to 0 load pin(s).
Phase 2 Constant propagation | Checksum: 25949a627

Time (s): cpu = 00:00:00 ; elapsed = 00:00:00.776 . Memory (MB): peak = 1346.039 ; gain = 0.000
INFO: [Opt 31-389] Phase Constant propagation created 24 cells and removed 33 cells

Phase 3 Sweep
Phase 3 Sweep | Checksum: 1b4706562

Time (s): cpu = 00:00:01 ; elapsed = 00:00:02 . Memory (MB): peak = 1346.039 ; gain = 0.000
INFO: [Opt 31-389] Phase Sweep created 0 cells and removed 174 cells

Phase 4 BUFG optimization
Phase 4 BUFG optimization | Checksum: 1b4706562

Time (s): cpu = 00:00:01 ; elapsed = 00:00:02 . Memory (MB): peak = 1346.039 ; gain = 0.000
INFO: [Opt 31-662] Phase BUFG optimization created 0 cells of which 0 are BUFGs and removed 0 cells.

Phase 5 Shift Register Optimization
Phase 5 Shift Register Optimization | Checksum: ce0d4b39

Time (s): cpu = 00:00:01 ; elapsed = 00:00:02 . Memory (MB): peak = 1346.039 ; gain = 0.000
INFO: [Opt 31-389] Phase Shift Register Optimization created 0 cells and removed 0 cells

Phase 6 Post Processing Netlist
Phase 6 Post Processing Netlist | Checksum: ce0d4b39

Time (s): cpu = 00:00:01 ; elapsed = 00:00:02 . Memory (MB): peak = 1346.039 ; gain = 0.000
INFO: [Opt 31-389] Phase Post Processing Netlist created 0 cells and removed 0 cells
Opt_design Change Summary
=========================


-------------------------------------------------------------------------------------------------------------------------
|  Phase                        |  #Cells created  |  #Cells Removed  |  #Constrained objects preventing optimizations  |
-------------------------------------------------------------------------------------------------------------------------
|  Retarget                     |               4  |               6  |                                              0  |
|  Constant propagation         |              24  |              33  |                                              0  |
|  Sweep                        |               0  |             174  |                                              0  |
|  BUFG optimization            |               0  |               0  |                                              0  |
|  Shift Register Optimization  |               0  |               0  |                                              0  |
|  Post Processing Netlist      |               0  |               0  |                                              0  |
-------------------------------------------------------------------------------------------------------------------------



Starting Connectivity Check Task

Time (s): cpu = 00:00:00 ; elapsed = 00:00:00.004 . Memory (MB): peak = 1346.039 ; gain = 0.000
Ending Logic Optimization Task | Checksum: ce0d4b39

Time (s): cpu = 00:00:01 ; elapsed = 00:00:02 . Memory (MB): peak = 1346.039 ; gain = 0.000

Starting Power Optimization Task
INFO: [Pwropt 34-132] Skipping clock gating for clocks with a period < 2.00 ns.
INFO: [Timing 38-35] Done setting XDC timing constraints.
INFO: [Pwropt 34-9] Applying IDT optimizations ...
INFO: [Pwropt 34-10] Applying ODC optimizations ...
INFO: [Physopt 32-619] Estimated Timing Summary | WNS=0.738 | TNS=0.000 |
Running Vector-less Activity Propagation...

Finished Running Vector-less Activity Propagation


Starting PowerOpt Patch Enables Task
INFO: [Pwropt 34-162] WRITE_MODE attribute of 0 BRAM(s) out of a total of 6 has been updated to save power. Run report_power_opt to get a complete listing of the BRAMs updated.
INFO: [Timing 38-35] Done setting XDC timing constraints.
INFO: [Pwropt 34-201] Structural ODC has moved 3 WE to EN ports
Number of BRAM Ports augmented: 3 newly gated: 12 Total Ports: 12
Number of Flops added for Enable Generation: 5

Ending PowerOpt Patch Enables Task | Checksum: 11f830c57

Time (s): cpu = 00:00:00 ; elapsed = 00:00:00.314 . Memory (MB): peak = 1514.695 ; gain = 0.000
Ending Power Optimization Task | Checksum: 11f830c57

Time (s): cpu = 00:00:06 ; elapsed = 00:00:05 . Memory (MB): peak = 1514.695 ; gain = 168.656

Starting Final Cleanup Task

Starting Logic Optimization Task
INFO: [Timing 38-35] Done setting XDC timing constraints.
Ending Logic Optimization Task | Checksum: b8e9ca7d

Time (s): cpu = 00:00:00 ; elapsed = 00:00:00.566 . Memory (MB): peak = 1514.695 ; gain = 0.000
Ending Final Cleanup Task | Checksum: b8e9ca7d

Time (s): cpu = 00:00:02 ; elapsed = 00:00:03 . Memory (MB): peak = 1514.695 ; gain = 0.000

Starting Netlist Obfuscation Task
Netlist sorting complete. Time (s): cpu = 00:00:00 ; elapsed = 00:00:00.001 . Memory (MB): peak = 1514.695 ; gain = 0.000
Ending Netlist Obfuscation Task | Checksum: b8e9ca7d

Time (s): cpu = 00:00:00 ; elapsed = 00:00:00.001 . Memory (MB): peak = 1514.695 ; gain = 0.000
INFO: [Common 17-83] Releasing license: Implementation
34 Infos, 0 Warnings, 0 Critical Warnings and 0 Errors encountered.
opt_design completed successfully
opt_design: Time (s): cpu = 00:00:33 ; elapsed = 00:00:35 . Memory (MB): peak = 1514.695 ; gain = 788.848
Netlist sorting complete. Time (s): cpu = 00:00:00 ; elapsed = 00:00:00.001 . Memory (MB): peak = 1514.695 ; gain = 0.000
Writing placer database...
INFO: [Timing 38-480] Writing timing data to binary archive.
Writing XDEF routing.
Writing XDEF routing logical nets.
Writing XDEF routing special nets.
Write XDEF Complete: Time (s): cpu = 00:00:00 ; elapsed = 00:00:00.139 . Memory (MB): peak = 1514.695 ; gain = 0.000
Netlist sorting complete. Time (s): cpu = 00:00:00 ; elapsed = 00:00:00.001 . Memory (MB): peak = 1514.695 ; gain = 0.000
INFO: [Common 17-1381] The checkpoint 'E:/ds/DSProjectFinal/DSAbsolutelyFinal/DSAbsolutelyFinal.runs/impl_2/vgaTOP_opt.dcp' has been generated.
INFO: [runtcl-4] Executing : report_drc -file vgaTOP_drc_opted.rpt -pb vgaTOP_drc_opted.pb -rpx vgaTOP_drc_opted.rpx
Command: report_drc -file vgaTOP_drc_opted.rpt -pb vgaTOP_drc_opted.pb -rpx vgaTOP_drc_opted.rpx
INFO: [IP_Flow 19-1839] IP Catalog is up to date.
INFO: [DRC 23-27] Running DRC with 2 threads
INFO: [Coretcl 2-168] The results of DRC are in file E:/ds/DSProjectFinal/DSAbsolutelyFinal/DSAbsolutelyFinal.runs/impl_2/vgaTOP_drc_opted.rpt.
report_drc completed successfully
Command: place_design
Attempting to get a license for feature 'Implementation' and/or device 'xc7a100t'
INFO: [Common 17-349] Got license for feature 'Implementation' and/or device 'xc7a100t'
INFO: [DRC 23-27] Running DRC with 2 threads
INFO: [Vivado_Tcl 4-198] DRC finished with 0 Errors
INFO: [Vivado_Tcl 4-199] Please refer to the DRC report (report_drc) for more information.
Running DRC as a precondition to command place_design
INFO: [DRC 23-27] Running DRC with 2 threads
INFO: [Vivado_Tcl 4-198] DRC finished with 0 Errors
INFO: [Vivado_Tcl 4-199] Please refer to the DRC report (report_drc) for more information.

Starting Placer Task
INFO: [Place 30-611] Multithreading enabled for place_design using a maximum of 2 CPUs

Phase 1 Placer Initialization

Phase 1.1 Placer Initialization Netlist Sorting
Netlist sorting complete. Time (s): cpu = 00:00:00 ; elapsed = 00:00:00.001 . Memory (MB): peak = 1514.695 ; gain = 0.000
Phase 1.1 Placer Initialization Netlist Sorting | Checksum: 92da3b8b

Time (s): cpu = 00:00:00 ; elapsed = 00:00:00.122 . Memory (MB): peak = 1514.695 ; gain = 0.000
Netlist sorting complete. Time (s): cpu = 00:00:00 ; elapsed = 00:00:00.001 . Memory (MB): peak = 1514.695 ; gain = 0.000

Phase 1.2 IO Placement/ Clock Placement/ Build Placer Device
INFO: [Timing 38-35] Done setting XDC timing constraints.
Phase 1.2 IO Placement/ Clock Placement/ Build Placer Device | Checksum: 1956d3cb6

Time (s): cpu = 00:00:02 ; elapsed = 00:00:02 . Memory (MB): peak = 1514.695 ; gain = 0.000

Phase 1.3 Build Placer Netlist Model
Phase 1.3 Build Placer Netlist Model | Checksum: 2391d6f3f

Time (s): cpu = 00:00:03 ; elapsed = 00:00:03 . Memory (MB): peak = 1514.695 ; gain = 0.000

Phase 1.4 Constrain Clocks/Macros
Phase 1.4 Constrain Clocks/Macros | Checksum: 2391d6f3f

Time (s): cpu = 00:00:03 ; elapsed = 00:00:03 . Memory (MB): peak = 1514.695 ; gain = 0.000
Phase 1 Placer Initialization | Checksum: 2391d6f3f

Time (s): cpu = 00:00:03 ; elapsed = 00:00:03 . Memory (MB): peak = 1514.695 ; gain = 0.000

Phase 2 Global Placement

Phase 2.1 Floorplanning
Phase 2.1 Floorplanning | Checksum: 1b96086b2

Time (s): cpu = 00:00:03 ; elapsed = 00:00:03 . Memory (MB): peak = 1514.695 ; gain = 0.000

Phase 2.2 Physical Synthesis In Placer
INFO: [Physopt 32-65] No nets found for high-fanout optimization.
INFO: [Physopt 32-232] Optimized 0 net. Created 0 new instance.
INFO: [Physopt 32-775] End 1 Pass. Optimized 0 net or cell. Created 0 new cell, deleted 0 existing cell and moved 0 existing cell
INFO: [Physopt 32-670] No setup violation found.  DSP Register Optimization was not performed.
INFO: [Physopt 32-670] No setup violation found.  Shift Register Optimization was not performed.
INFO: [Physopt 32-670] No setup violation found.  BRAM Register Optimization was not performed.
INFO: [Physopt 32-949] No candidate nets found for HD net replication
INFO: [Physopt 32-775] End 1 Pass. Optimized 0 net or cell. Created 0 new cell, deleted 0 existing cell and moved 0 existing cell
Netlist sorting complete. Time (s): cpu = 00:00:00 ; elapsed = 00:00:00 . Memory (MB): peak = 1514.695 ; gain = 0.000

Summary of Physical Synthesis Optimizations
============================================


----------------------------------------------------------------------------------------------------------------------------------------
|  Optimization                  |  Added Cells  |  Removed Cells  |  Optimized Cells/Nets  |  Dont Touch  |  Iterations  |  Elapsed   |
----------------------------------------------------------------------------------------------------------------------------------------
|  Very High Fanout              |            0  |              0  |                     0  |           0  |           1  |  00:00:00  |
|  DSP Register                  |            0  |              0  |                     0  |           0  |           0  |  00:00:00  |
|  Shift Register                |            0  |              0  |                     0  |           0  |           0  |  00:00:00  |
|  BRAM Register                 |            0  |              0  |                     0  |           0  |           0  |  00:00:00  |
|  HD Interface Net Replication  |            0  |              0  |                     0  |           0  |           1  |  00:00:00  |
|  Total                         |            0  |              0  |                     0  |           0  |           2  |  00:00:00  |
----------------------------------------------------------------------------------------------------------------------------------------


Phase 2.2 Physical Synthesis In Placer | Checksum: 1df83fd7e

Time (s): cpu = 00:00:08 ; elapsed = 00:00:06 . Memory (MB): peak = 1514.695 ; gain = 0.000
Phase 2 Global Placement | Checksum: 27dca53ad

Time (s): cpu = 00:00:08 ; elapsed = 00:00:07 . Memory (MB): peak = 1514.695 ; gain = 0.000

Phase 3 Detail Placement

Phase 3.1 Commit Multi Column Macros
Phase 3.1 Commit Multi Column Macros | Checksum: 27dca53ad

Time (s): cpu = 00:00:08 ; elapsed = 00:00:07 . Memory (MB): peak = 1514.695 ; gain = 0.000

Phase 3.2 Commit Most Macros & LUTRAMs
Phase 3.2 Commit Most Macros & LUTRAMs | Checksum: 1d811c567

Time (s): cpu = 00:00:09 ; elapsed = 00:00:07 . Memory (MB): peak = 1514.695 ; gain = 0.000

Phase 3.3 Area Swap Optimization
Phase 3.3 Area Swap Optimization | Checksum: 1eef40592

Time (s): cpu = 00:00:09 ; elapsed = 00:00:07 . Memory (MB): peak = 1514.695 ; gain = 0.000

Phase 3.4 Pipeline Register Optimization
Phase 3.4 Pipeline Register Optimization | Checksum: 151cb60db

Time (s): cpu = 00:00:09 ; elapsed = 00:00:07 . Memory (MB): peak = 1514.695 ; gain = 0.000

Phase 3.5 Small Shape Detail Placement
Phase 3.5 Small Shape Detail Placement | Checksum: 18bf2bdb4

Time (s): cpu = 00:00:09 ; elapsed = 00:00:08 . Memory (MB): peak = 1514.695 ; gain = 0.000

Phase 3.6 Re-assign LUT pins
Phase 3.6 Re-assign LUT pins | Checksum: 1a9ce2fae

Time (s): cpu = 00:00:09 ; elapsed = 00:00:08 . Memory (MB): peak = 1514.695 ; gain = 0.000

Phase 3.7 Pipeline Register Optimization
Phase 3.7 Pipeline Register Optimization | Checksum: 248f79501

Time (s): cpu = 00:00:09 ; elapsed = 00:00:08 . Memory (MB): peak = 1514.695 ; gain = 0.000
Phase 3 Detail Placement | Checksum: 248f79501

Time (s): cpu = 00:00:09 ; elapsed = 00:00:08 . Memory (MB): peak = 1514.695 ; gain = 0.000

Phase 4 Post Placement Optimization and Clean-Up

Phase 4.1 Post Commit Optimization
INFO: [Timing 38-35] Done setting XDC timing constraints.

Phase 4.1.1 Post Placement Optimization
Post Placement Optimization Initialization | Checksum: 1eec6cebb

Phase 4.1.1.1 BUFG Insertion
INFO: [Place 46-46] BUFG insertion identified 0 candidate nets, 0 success, 0 bufg driver replicated, 0 skipped for placement/routing, 0 skipped for timing, 0 skipped for netlist change reason
Phase 4.1.1.1 BUFG Insertion | Checksum: 1eec6cebb

Time (s): cpu = 00:00:10 ; elapsed = 00:00:08 . Memory (MB): peak = 1514.695 ; gain = 0.000
INFO: [Place 30-746] Post Placement Timing Summary WNS=1.295. For the most accurate timing information please run report_timing.
Phase 4.1.1 Post Placement Optimization | Checksum: 1cf049d95

Time (s): cpu = 00:00:10 ; elapsed = 00:00:08 . Memory (MB): peak = 1514.695 ; gain = 0.000
Phase 4.1 Post Commit Optimization | Checksum: 1cf049d95

Time (s): cpu = 00:00:10 ; elapsed = 00:00:08 . Memory (MB): peak = 1514.695 ; gain = 0.000

Phase 4.2 Post Placement Cleanup
Phase 4.2 Post Placement Cleanup | Checksum: 1cf049d95

Time (s): cpu = 00:00:10 ; elapsed = 00:00:08 . Memory (MB): peak = 1514.695 ; gain = 0.000

Phase 4.3 Placer Reporting
Phase 4.3 Placer Reporting | Checksum: 1cf049d95

Time (s): cpu = 00:00:10 ; elapsed = 00:00:08 . Memory (MB): peak = 1514.695 ; gain = 0.000

Phase 4.4 Final Placement Cleanup
Netlist sorting complete. Time (s): cpu = 00:00:00 ; elapsed = 00:00:00.001 . Memory (MB): peak = 1514.695 ; gain = 0.000
Phase 4.4 Final Placement Cleanup | Checksum: 16798aec3

Time (s): cpu = 00:00:10 ; elapsed = 00:00:08 . Memory (MB): peak = 1514.695 ; gain = 0.000
Phase 4 Post Placement Optimization and Clean-Up | Checksum: 16798aec3

Time (s): cpu = 00:00:10 ; elapsed = 00:00:08 . Memory (MB): peak = 1514.695 ; gain = 0.000
Ending Placer Task | Checksum: bf7a4472

Time (s): cpu = 00:00:10 ; elapsed = 00:00:08 . Memory (MB): peak = 1514.695 ; gain = 0.000
INFO: [Common 17-83] Releasing license: Implementation
61 Infos, 0 Warnings, 0 Critical Warnings and 0 Errors encountered.
place_design completed successfully
place_design: Time (s): cpu = 00:00:13 ; elapsed = 00:00:10 . Memory (MB): peak = 1514.695 ; gain = 0.000
Netlist sorting complete. Time (s): cpu = 00:00:00 ; elapsed = 00:00:00.001 . Memory (MB): peak = 1514.695 ; gain = 0.000
INFO: [Timing 38-480] Writing timing data to binary archive.
Writing placer database...
Writing XDEF routing.
Writing XDEF routing logical nets.
Writing XDEF routing special nets.
Netlist sorting complete. Time (s): cpu = 00:00:00 ; elapsed = 00:00:00.002 . Memory (MB): peak = 1514.695 ; gain = 0.000
Write XDEF Complete: Time (s): cpu = 00:00:01 ; elapsed = 00:00:00.220 . Memory (MB): peak = 1514.695 ; gain = 0.000
INFO: [Common 17-1381] The checkpoint 'E:/ds/DSProjectFinal/DSAbsolutelyFinal/DSAbsolutelyFinal.runs/impl_2/vgaTOP_placed.dcp' has been generated.
INFO: [runtcl-4] Executing : report_io -file vgaTOP_io_placed.rpt
report_io: Time (s): cpu = 00:00:00 ; elapsed = 00:00:00.123 . Memory (MB): peak = 1514.695 ; gain = 0.000
INFO: [runtcl-4] Executing : report_utilization -file vgaTOP_utilization_placed.rpt -pb vgaTOP_utilization_placed.pb
INFO: [runtcl-4] Executing : report_control_sets -verbose -file vgaTOP_control_sets_placed.rpt
report_control_sets: Time (s): cpu = 00:00:00 ; elapsed = 00:00:00.014 . Memory (MB): peak = 1514.695 ; gain = 0.000
Command: route_design
Attempting to get a license for feature 'Implementation' and/or device 'xc7a100t'
INFO: [Common 17-349] Got license for feature 'Implementation' and/or device 'xc7a100t'
Running DRC as a precondition to command route_design
INFO: [DRC 23-27] Running DRC with 2 threads
INFO: [Vivado_Tcl 4-198] DRC finished with 0 Errors
INFO: [Vivado_Tcl 4-199] Please refer to the DRC report (report_drc) for more information.


Starting Routing Task
INFO: [Route 35-254] Multithreading enabled for route_design using a maximum of 2 CPUs
Checksum: PlaceDB: 4c7b96ca ConstDB: 0 ShapeSum: 72feada8 RouteDB: 0

Phase 1 Build RT Design
Phase 1 Build RT Design | Checksum: fcac6573

Time (s): cpu = 00:01:11 ; elapsed = 00:01:07 . Memory (MB): peak = 1514.695 ; gain = 0.000
Post Restoration Checksum: NetGraph: 24492577 NumContArr: d8633ffc Constraints: 0 Timing: 0

Phase 2 Router Initialization

Phase 2.1 Create Timer
Phase 2.1 Create Timer | Checksum: fcac6573

Time (s): cpu = 00:01:11 ; elapsed = 00:01:07 . Memory (MB): peak = 1514.695 ; gain = 0.000

Phase 2.2 Fix Topology Constraints
Phase 2.2 Fix Topology Constraints | Checksum: fcac6573

Time (s): cpu = 00:01:11 ; elapsed = 00:01:07 . Memory (MB): peak = 1518.574 ; gain = 3.879

Phase 2.3 Pre Route Cleanup
Phase 2.3 Pre Route Cleanup | Checksum: fcac6573

Time (s): cpu = 00:01:12 ; elapsed = 00:01:07 . Memory (MB): peak = 1518.574 ; gain = 3.879
 Number of Nodes with overlaps = 0

Phase 2.4 Update Timing
Phase 2.4 Update Timing | Checksum: ca784777

Time (s): cpu = 00:01:13 ; elapsed = 00:01:08 . Memory (MB): peak = 1539.563 ; gain = 24.867
INFO: [Route 35-416] Intermediate Timing Summary | WNS=1.299  | TNS=0.000  | WHS=-0.173 | THS=-9.258 |

Phase 2 Router Initialization | Checksum: dc37d336

Time (s): cpu = 00:01:13 ; elapsed = 00:01:08 . Memory (MB): peak = 1539.563 ; gain = 24.867

Phase 3 Initial Routing
Phase 3 Initial Routing | Checksum: 1143041cd

Time (s): cpu = 00:01:14 ; elapsed = 00:01:09 . Memory (MB): peak = 1539.563 ; gain = 24.867

Phase 4 Rip-up And Reroute

Phase 4.1 Global Iteration 0
 Number of Nodes with overlaps = 21
 Number of Nodes with overlaps = 2
 Number of Nodes with overlaps = 0
INFO: [Route 35-416] Intermediate Timing Summary | WNS=1.193  | TNS=0.000  | WHS=N/A    | THS=N/A    |

Phase 4.1 Global Iteration 0 | Checksum: 1f1f14ed5

Time (s): cpu = 00:01:15 ; elapsed = 00:01:09 . Memory (MB): peak = 1539.563 ; gain = 24.867

Phase 4.2 Global Iteration 1
 Number of Nodes with overlaps = 0
INFO: [Route 35-416] Intermediate Timing Summary | WNS=1.193  | TNS=0.000  | WHS=N/A    | THS=N/A    |

Phase 4.2 Global Iteration 1 | Checksum: 1e7167d4c

Time (s): cpu = 00:01:15 ; elapsed = 00:01:09 . Memory (MB): peak = 1539.563 ; gain = 24.867
Phase 4 Rip-up And Reroute | Checksum: 1e7167d4c

Time (s): cpu = 00:01:15 ; elapsed = 00:01:09 . Memory (MB): peak = 1539.563 ; gain = 24.867

Phase 5 Delay and Skew Optimization

Phase 5.1 Delay CleanUp
Phase 5.1 Delay CleanUp | Checksum: 1e7167d4c

Time (s): cpu = 00:01:15 ; elapsed = 00:01:09 . Memory (MB): peak = 1539.563 ; gain = 24.867

Phase 5.2 Clock Skew Optimization
Phase 5.2 Clock Skew Optimization | Checksum: 1e7167d4c

Time (s): cpu = 00:01:15 ; elapsed = 00:01:09 . Memory (MB): peak = 1539.563 ; gain = 24.867
Phase 5 Delay and Skew Optimization | Checksum: 1e7167d4c

Time (s): cpu = 00:01:15 ; elapsed = 00:01:09 . Memory (MB): peak = 1539.563 ; gain = 24.867

Phase 6 Post Hold Fix

Phase 6.1 Hold Fix Iter

Phase 6.1.1 Update Timing
Phase 6.1.1 Update Timing | Checksum: 1d4235648

Time (s): cpu = 00:01:15 ; elapsed = 00:01:09 . Memory (MB): peak = 1539.563 ; gain = 24.867
INFO: [Route 35-416] Intermediate Timing Summary | WNS=1.280  | TNS=0.000  | WHS=0.032  | THS=0.000  |

Phase 6.1 Hold Fix Iter | Checksum: 1c0d04a88

Time (s): cpu = 00:01:15 ; elapsed = 00:01:09 . Memory (MB): peak = 1539.563 ; gain = 24.867
Phase 6 Post Hold Fix | Checksum: 1c0d04a88

Time (s): cpu = 00:01:15 ; elapsed = 00:01:09 . Memory (MB): peak = 1539.563 ; gain = 24.867

Phase 7 Route finalize

Router Utilization Summary
  Global Vertical Routing Utilization    = 0.0991426 %
  Global Horizontal Routing Utilization  = 0.0721796 %
  Routable Net Status*
  *Does not include unroutable nets such as driverless and loadless.
  Run report_route_status for detailed report.
  Number of Failed Nets               = 0
  Number of Unrouted Nets             = 0
  Number of Partially Routed Nets     = 0
  Number of Node Overlaps             = 0

Phase 7 Route finalize | Checksum: 171836a29

Time (s): cpu = 00:01:15 ; elapsed = 00:01:09 . Memory (MB): peak = 1539.563 ; gain = 24.867

Phase 8 Verifying routed nets

 Verification completed successfully
Phase 8 Verifying routed nets | Checksum: 171836a29

Time (s): cpu = 00:01:15 ; elapsed = 00:01:09 . Memory (MB): peak = 1539.563 ; gain = 24.867

Phase 9 Depositing Routes
Phase 9 Depositing Routes | Checksum: e8bfd660

Time (s): cpu = 00:01:15 ; elapsed = 00:01:10 . Memory (MB): peak = 1539.563 ; gain = 24.867

Phase 10 Post Router Timing
INFO: [Route 35-57] Estimated Timing Summary | WNS=1.280  | TNS=0.000  | WHS=0.032  | THS=0.000  |

INFO: [Route 35-327] The final timing numbers are based on the router estimated timing analysis. For a complete and accurate timing signoff, please run report_timing_summary.
Phase 10 Post Router Timing | Checksum: e8bfd660

Time (s): cpu = 00:01:15 ; elapsed = 00:01:10 . Memory (MB): peak = 1539.563 ; gain = 24.867
INFO: [Route 35-16] Router Completed Successfully

Time (s): cpu = 00:01:15 ; elapsed = 00:01:10 . Memory (MB): peak = 1539.563 ; gain = 24.867

Routing Is Done.
INFO: [Common 17-83] Releasing license: Implementation
79 Infos, 0 Warnings, 0 Critical Warnings and 0 Errors encountered.
route_design completed successfully
route_design: Time (s): cpu = 00:01:19 ; elapsed = 00:01:12 . Memory (MB): peak = 1539.563 ; gain = 24.867
Netlist sorting complete. Time (s): cpu = 00:00:00 ; elapsed = 00:00:00.001 . Memory (MB): peak = 1539.563 ; gain = 0.000
INFO: [Timing 38-480] Writing timing data to binary archive.
Writing placer database...
Writing XDEF routing.
Writing XDEF routing logical nets.
Netlist sorting complete. Time (s): cpu = 00:00:00 ; elapsed = 00:00:00.001 . Memory (MB): peak = 1539.563 ; gain = 0.000
Writing XDEF routing special nets.
Write XDEF Complete: Time (s): cpu = 00:00:01 ; elapsed = 00:00:00.230 . Memory (MB): peak = 1539.563 ; gain = 0.000
INFO: [Common 17-1381] The checkpoint 'E:/ds/DSProjectFinal/DSAbsolutelyFinal/DSAbsolutelyFinal.runs/impl_2/vgaTOP_routed.dcp' has been generated.
INFO: [runtcl-4] Executing : report_drc -file vgaTOP_drc_routed.rpt -pb vgaTOP_drc_routed.pb -rpx vgaTOP_drc_routed.rpx
Command: report_drc -file vgaTOP_drc_routed.rpt -pb vgaTOP_drc_routed.pb -rpx vgaTOP_drc_routed.rpx
INFO: [IP_Flow 19-1839] IP Catalog is up to date.
INFO: [DRC 23-27] Running DRC with 2 threads
INFO: [Coretcl 2-168] The results of DRC are in file E:/ds/DSProjectFinal/DSAbsolutelyFinal/DSAbsolutelyFinal.runs/impl_2/vgaTOP_drc_routed.rpt.
report_drc completed successfully
INFO: [runtcl-4] Executing : report_methodology -file vgaTOP_methodology_drc_routed.rpt -pb vgaTOP_methodology_drc_routed.pb -rpx vgaTOP_methodology_drc_routed.rpx
Command: report_methodology -file vgaTOP_methodology_drc_routed.rpt -pb vgaTOP_methodology_drc_routed.pb -rpx vgaTOP_methodology_drc_routed.rpx
INFO: [Timing 38-35] Done setting XDC timing constraints.
INFO: [DRC 23-133] Running Methodology with 2 threads
INFO: [Coretcl 2-1520] The results of Report Methodology are in file E:/ds/DSProjectFinal/DSAbsolutelyFinal/DSAbsolutelyFinal.runs/impl_2/vgaTOP_methodology_drc_routed.rpt.
report_methodology completed successfully
INFO: [runtcl-4] Executing : report_power -file vgaTOP_power_routed.rpt -pb vgaTOP_power_summary_routed.pb -rpx vgaTOP_power_routed.rpx
Command: report_power -file vgaTOP_power_routed.rpt -pb vgaTOP_power_summary_routed.pb -rpx vgaTOP_power_routed.rpx
INFO: [Timing 38-35] Done setting XDC timing constraints.
Running Vector-less Activity Propagation...

Finished Running Vector-less Activity Propagation
91 Infos, 0 Warnings, 0 Critical Warnings and 0 Errors encountered.
report_power completed successfully
INFO: [runtcl-4] Executing : report_route_status -file vgaTOP_route_status.rpt -pb vgaTOP_route_status.pb
INFO: [runtcl-4] Executing : report_timing_summary -max_paths 10 -file vgaTOP_timing_summary_routed.rpt -pb vgaTOP_timing_summary_routed.pb -rpx vgaTOP_timing_summary_routed.rpx -warn_on_violation 
INFO: [Timing 38-91] UpdateTimingParams: Speed grade: -1, Delay Type: min_max.
INFO: [Timing 38-191] Multithreading enabled for timing update using a maximum of 2 CPUs
INFO: [runtcl-4] Executing : report_incremental_reuse -file vgaTOP_incremental_reuse_routed.rpt
INFO: [Vivado_Tcl 4-1062] Incremental flow is disabled. No incremental reuse Info to report.
INFO: [runtcl-4] Executing : report_clock_utilization -file vgaTOP_clock_utilization_routed.rpt
INFO: [runtcl-4] Executing : report_bus_skew -warn_on_violation -file vgaTOP_bus_skew_routed.rpt -pb vgaTOP_bus_skew_routed.pb -rpx vgaTOP_bus_skew_routed.rpx
INFO: [Timing 38-91] UpdateTimingParams: Speed grade: -1, Delay Type: min_max.
INFO: [Timing 38-191] Multithreading enabled for timing update using a maximum of 2 CPUs
Command: write_bitstream -force vgaTOP.bit
Attempting to get a license for feature 'Implementation' and/or device 'xc7a100t'
INFO: [Common 17-349] Got license for feature 'Implementation' and/or device 'xc7a100t'
Running DRC as a precondition to command write_bitstream
INFO: [IP_Flow 19-1839] IP Catalog is up to date.
INFO: [DRC 23-27] Running DRC with 2 threads
WARNING: [DRC DPIP-1] Input pipelining: DSP counterB1 input counterB1/A[29:0] is not pipelined. Pipelining DSP48 input will improve performance.
WARNING: [DRC DPIP-1] Input pipelining: DSP counter_reg input counter_reg/B[17:0] is not pipelined. Pipelining DSP48 input will improve performance.
INFO: [Vivado 12-3199] DRC finished with 0 Errors, 2 Warnings
INFO: [Vivado 12-3200] Please refer to the DRC report (report_drc) for more information.
INFO: [Designutils 20-2272] Running write_bitstream with 2 threads.
Loading data files...
Loading site data...
Loading route data...
Processing options...
Creating bitmap...
Creating bitstream...
Writing bitstream ./vgaTOP.bit...
INFO: [Vivado 12-1842] Bitgen Completed Successfully.
INFO: [Project 1-120] WebTalk data collection is mandatory when using a WebPACK part without a full Vivado license. To see the specific WebTalk data collected for your design, open the usage_statistics_webtalk.html or usage_statistics_webtalk.xml file in the implementation directory.
INFO: [Common 17-186] 'E:/ds/DSProjectFinal/DSAbsolutelyFinal/DSAbsolutelyFinal.runs/impl_2/usage_statistics_webtalk.xml' has been successfully sent to Xilinx on Fri Nov 15 11:45:21 2019. For additional details about this file, please refer to the WebTalk help file at I:/ProgramFiles/vivado/2018.3/doc/webtalk_introduction.html.
INFO: [Common 17-83] Releasing license: Implementation
111 Infos, 2 Warnings, 0 Critical Warnings and 0 Errors encountered.
write_bitstream completed successfully
write_bitstream: Time (s): cpu = 00:00:34 ; elapsed = 00:00:37 . Memory (MB): peak = 1969.488 ; gain = 409.992
INFO: [Common 17-206] Exiting Vivado at Fri Nov 15 11:45:21 2019...
