#-----------------------------------------------------------
# Vivado v2018.3 (64-bit)
# SW Build 2405991 on Thu Dec  6 23:38:27 MST 2018
# IP Build 2404404 on Fri Dec  7 01:43:56 MST 2018
# Start of session at: Tue Nov 12 23:40:40 2019
# Process ID: 3804
# Current directory: C:/Users/pveen/AppData/Roaming/Xilinx/Vivado
# Command line: vivado.exe -gui_launcher_event rodinguilauncherevent13200
# Log file: C:/Users/pveen/AppData/Roaming/Xilinx/Vivado/vivado.log
# Journal file: C:/Users/pveen/AppData/Roaming/Xilinx/Vivado\vivado.jou
#-----------------------------------------------------------
start_gui
open_project {E:/Google Drive/Acads/Sophomore Year/Sem 3/ES203 - Digital Systems/project/motion_estimation_ES203/DSAbsolutelyFinal/DSAbsolutelyFinal.xpr}
INFO: [ProjectBase 1-489] The host OS only allows 260 characters in a normal path. The project is stored in a path with more than 80 characters. If you experience issues with IP, Block Designs, or files not being found, please consider moving the project to a location with a shorter path. Alternately consider using the OS subst command to map part of the path to a drive letter.
Current project path is 'E:/Google Drive/Acads/Sophomore Year/Sem 3/ES203 - Digital Systems/project/motion_estimation_ES203/DSAbsolutelyFinal'
Scanning sources...
Finished scanning sources
INFO: [IP_Flow 19-234] Refreshing IP repositories
INFO: [IP_Flow 19-1704] No user IP repositories specified
INFO: [IP_Flow 19-2313] Loaded Vivado IP repository 'I:/ProgramFiles/vivado/2018.3/data/ip'.
open_project: Time (s): cpu = 00:00:35 ; elapsed = 00:00:21 . Memory (MB): peak = 828.980 ; gain = 180.840
update_compile_order -fileset sources_1
export_ip_user_files -of_objects  [get_files {{E:/Google Drive/Acads/Sophomore Year/Sem 3/ES203 - Digital Systems/project/motion_estimation_ES203/DSAbsolutelyFinal/DSAbsolutelyFinal.srcs/sources_1/ip/ila_0/ila_0.xci}}] -no_script -reset -force -quiet
remove_files  -fileset ila_0 {{E:/Google Drive/Acads/Sophomore Year/Sem 3/ES203 - Digital Systems/project/motion_estimation_ES203/DSAbsolutelyFinal/DSAbsolutelyFinal.srcs/sources_1/ip/ila_0/ila_0.xci}}
INFO: [Project 1-386] Moving file 'E:/Google Drive/Acads/Sophomore Year/Sem 3/ES203 - Digital Systems/project/motion_estimation_ES203/DSAbsolutelyFinal/DSAbsolutelyFinal.srcs/sources_1/ip/ila_0/ila_0.xci' from fileset 'ila_0' to fileset 'sources_1'.
archive_project {E:/Google Drive/Acads/Sophomore Year/Sem 3/ES203 - Digital Systems/project/motion_estimation_ES203/DSAbsolutelyFinal.xpr.zip} -temp_dir C:/Users/pveen/AppData/Roaming/Xilinx/Vivado/.Xil/Vivado-3804-DESKTOP-M9BES7L -force -include_local_ip_cache
INFO: [Coretcl 2-137] starting archive...
INFO: [Coretcl 2-1499] Saving project copy to temporary location 'C:/Users/pveen/AppData/Roaming/Xilinx/Vivado/.Xil/Vivado-3804-DESKTOP-M9BES7L' for archiving project
INFO: [ProjectBase 1-489] The host OS only allows 260 characters in a normal path. The project is stored in a path with more than 80 characters. If you experience issues with IP, Block Designs, or files not being found, please consider moving the project to a location with a shorter path. Alternately consider using the OS subst command to map part of the path to a drive letter.
Current project path is 'E:/Google Drive/Acads/Sophomore Year/Sem 3/ES203 - Digital Systems/project/motion_estimation_ES203/DSAbsolutelyFinal'
Scanning sources...
Finished scanning sources
INFO: [IP_Flow 19-234] Refreshing IP repositories
INFO: [IP_Flow 19-1704] No user IP repositories specified
INFO: [IP_Flow 19-2313] Loaded Vivado IP repository 'I:/ProgramFiles/vivado/2018.3/data/ip'.
INFO: [Coretcl 2-1211] Creating project copy for archival...
INFO: [ProjectBase 1-495] The host OS only allows 260 characters in a normal path. The project is stored in a path with more than 80 characters. If you experience any problem with archiving the project, please consider setting environment variable $TEMP to a shorter path.
Current project path is 'C:/Users/pveen/AppData/Roaming/Xilinx/Vivado/.Xil/Vivado-3804-DESKTOP-M9BES7L/PrjAr/_X_'.
INFO: [Coretcl 2-1213] Including run results for 'synth_1'
INFO: [Coretcl 2-1213] Including run results for 'blk_mem_gen_0_synth_1'
INFO: [Coretcl 2-1213] Including run results for 'impl_1'
INFO: [Coretcl 2-133] re-setting run 'blk_mem_gen_0_impl_1'...
INFO: [Coretcl 2-1212] Importing remotely added design sources and verilog include files (if any)...
INFO: [filemgmt 20-334] All file(s) are already imported in fileset: 'blk_mem_gen_0'
INFO: [filemgmt 20-348] Importing the appropriate files for fileset: 'blk_mem_gen_0'
INFO: [filemgmt 20-334] All file(s) are already imported in fileset: 'constrs_1'
INFO: [filemgmt 20-348] Importing the appropriate files for fileset: 'constrs_1'
INFO: [filemgmt 20-348] Importing the appropriate files for fileset: 'sources_1'
INFO: [Device 21-403] Loading part xc7a100tcsg324-1
